<?xml version="1.0" encoding="UTF-8"?>
<!-- Generated by org.testng.reporters.JUnitReportReporter -->
<testsuite hostname="DESKTOP-QTN1F52" name="com.cucumberFramework.testrunner.testRunner" tests="1" failures="0" timestamp="29 Oct 2020 12:56:08 GMT" time="26.317" errors="0">
  <testcase name="feature" time="26.317" classname="com.cucumberFramework.testrunner.testRunner"/>
</testsuite> <!-- com.cucumberFramework.testrunner.testRunner -->
